gtestd.lib(gtest-all.obj) : error LNK2038: mismatch detected for '_ITERATOR_DEBUG_LEVEL': value '2' doesn't match value '0' in ScannerParseTest.obj
gtestd.lib(gtest-all.obj) : error LNK2038: mismatch detected for 'RuntimeLibrary': value 'MDd_DynamicDebug' doesn't match value 'MD_DynamicRelease' in ScannerParseTest.obj
LINK : warning LNK4098: defaultlib 'MSVCRTD' conflicts with use of other libs; use /NODEFAULTLIB:library
gtestd.lib(gtest-all.obj) : error LNK2001: unresolved external symbol __imp__invalid_parameter
gtestd.lib(gtest-all.obj) : error LNK2001: unresolved external symbol __imp__calloc_dbg
gtestd.lib(gtest-all.obj) : error LNK2001: unresolved external symbol __imp__CrtDbgReportW
C:\Users\rodne\Desktop\Programs\Scanner\x64\Release\TestScannerParse.exe : fatal error LNK1120: 3 unresolved externals
